<?xml version="1.0" encoding="UTF-8"?>
<testsuite name="restful_sign_project.RestfulSignProjectApplicationTests" tests="1" skipped="0" failures="0" errors="0" timestamp="2023-05-21T09:44:09" hostname="용준이" time="0.142">
  <properties/>
  <testcase name="contextLoads()" classname="restful_sign_project.RestfulSignProjectApplicationTests" time="0.142"/>
  <system-out><![CDATA[18:44:03.576 [Test worker] DEBUG org.springframework.test.context.BootstrapUtils - Instantiating CacheAwareContextLoaderDelegate from class [org.springframework.test.context.cache.DefaultCacheAwareContextLoaderDelegate]
18:44:03.588 [Test worker] DEBUG org.springframework.test.context.BootstrapUtils - Instantiating BootstrapContext using constructor [public org.springframework.test.context.support.DefaultBootstrapContext(java.lang.Class,org.springframework.test.context.CacheAwareContextLoaderDelegate)]
18:44:03.619 [Test worker] DEBUG org.springframework.test.context.BootstrapUtils - Instantiating TestContextBootstrapper for test class [restful_sign_project.RestfulSignProjectApplicationTests] from class [org.springframework.boot.test.context.SpringBootTestContextBootstrapper]
18:44:03.631 [Test worker] INFO org.springframework.boot.test.context.SpringBootTestContextBootstrapper - Neither @ContextConfiguration nor @ContextHierarchy found for test class [restful_sign_project.RestfulSignProjectApplicationTests], using SpringBootContextLoader
18:44:03.635 [Test worker] DEBUG org.springframework.test.context.support.AbstractContextLoader - Did not detect default resource location for test class [restful_sign_project.RestfulSignProjectApplicationTests]: class path resource [restful_sign_project/RestfulSignProjectApplicationTests-context.xml] does not exist
18:44:03.636 [Test worker] DEBUG org.springframework.test.context.support.AbstractContextLoader - Did not detect default resource location for test class [restful_sign_project.RestfulSignProjectApplicationTests]: class path resource [restful_sign_project/RestfulSignProjectApplicationTestsContext.groovy] does not exist
18:44:03.636 [Test worker] INFO org.springframework.test.context.support.AbstractContextLoader - Could not detect default resource locations for test class [restful_sign_project.RestfulSignProjectApplicationTests]: no resource found for suffixes {-context.xml, Context.groovy}.
18:44:03.636 [Test worker] INFO org.springframework.test.context.support.AnnotationConfigContextLoaderUtils - Could not detect default configuration classes for test class [restful_sign_project.RestfulSignProjectApplicationTests]: RestfulSignProjectApplicationTests does not declare any static, non-private, non-final, nested classes annotated with @Configuration.
18:44:03.676 [Test worker] DEBUG org.springframework.test.context.support.ActiveProfilesUtils - Could not find an 'annotation declaring class' for annotation type [org.springframework.test.context.ActiveProfiles] and class [restful_sign_project.RestfulSignProjectApplicationTests]
18:44:03.740 [Test worker] DEBUG org.springframework.context.annotation.ClassPathScanningCandidateComponentProvider - Identified candidate component class: file [C:\Users\kevin\OneDrive\바탕 화면\API\restapi-practice\build\classes\java\main\restful_sign_project\RestfulSignProjectApplication.class]
18:44:03.742 [Test worker] INFO org.springframework.boot.test.context.SpringBootTestContextBootstrapper - Found @SpringBootConfiguration restful_sign_project.RestfulSignProjectApplication for test class restful_sign_project.RestfulSignProjectApplicationTests
18:44:03.872 [Test worker] DEBUG org.springframework.boot.test.context.SpringBootTestContextBootstrapper - @TestExecutionListeners is not present for class [restful_sign_project.RestfulSignProjectApplicationTests]: using defaults.
18:44:03.873 [Test worker] INFO org.springframework.boot.test.context.SpringBootTestContextBootstrapper - Loaded default TestExecutionListener class names from location [META-INF/spring.factories]: [org.springframework.security.test.context.support.WithSecurityContextTestExecutionListener, org.springframework.security.test.context.support.ReactorContextTestExecutionListener, org.springframework.boot.test.autoconfigure.restdocs.RestDocsTestExecutionListener, org.springframework.boot.test.autoconfigure.web.client.MockRestServiceServerResetTestExecutionListener, org.springframework.boot.test.autoconfigure.web.servlet.MockMvcPrintOnlyOnFailureTestExecutionListener, org.springframework.boot.test.autoconfigure.web.servlet.WebDriverTestExecutionListener, org.springframework.boot.test.autoconfigure.webservices.client.MockWebServiceServerTestExecutionListener, org.springframework.boot.test.mock.mockito.MockitoTestExecutionListener, org.springframework.boot.test.mock.mockito.ResetMocksTestExecutionListener, org.springframework.test.context.web.ServletTestExecutionListener, org.springframework.test.context.support.DirtiesContextBeforeModesTestExecutionListener, org.springframework.test.context.event.ApplicationEventsTestExecutionListener, org.springframework.test.context.support.DependencyInjectionTestExecutionListener, org.springframework.test.context.support.DirtiesContextTestExecutionListener, org.springframework.test.context.transaction.TransactionalTestExecutionListener, org.springframework.test.context.jdbc.SqlScriptsTestExecutionListener, org.springframework.test.context.event.EventPublishingTestExecutionListener]
18:44:03.892 [Test worker] INFO org.springframework.boot.test.context.SpringBootTestContextBootstrapper - Using TestExecutionListeners: [org.springframework.test.context.web.ServletTestExecutionListener@61a5b4ae, org.springframework.test.context.support.DirtiesContextBeforeModesTestExecutionListener@3a71c100, org.springframework.test.context.event.ApplicationEventsTestExecutionListener@5b69fd74, org.springframework.boot.test.mock.mockito.MockitoTestExecutionListener@f325091, org.springframework.boot.test.autoconfigure.SpringBootDependencyInjectionTestExecutionListener@437e951d, org.springframework.test.context.support.DirtiesContextTestExecutionListener@77b325b3, org.springframework.test.context.transaction.TransactionalTestExecutionListener@63a5e46c, org.springframework.test.context.jdbc.SqlScriptsTestExecutionListener@7e8e8651, org.springframework.security.test.context.support.WithSecurityContextTestExecutionListener@49ef32e0, org.springframework.test.context.event.EventPublishingTestExecutionListener@271f18d3, org.springframework.security.test.context.support.ReactorContextTestExecutionListener@6bd51ed8, org.springframework.boot.test.autoconfigure.restdocs.RestDocsTestExecutionListener@61e3a1fd, org.springframework.boot.test.autoconfigure.web.client.MockRestServiceServerResetTestExecutionListener@51abf713, org.springframework.boot.test.autoconfigure.web.servlet.MockMvcPrintOnlyOnFailureTestExecutionListener@eadb475, org.springframework.boot.test.autoconfigure.web.servlet.WebDriverTestExecutionListener@4d4d48a6, org.springframework.boot.test.autoconfigure.webservices.client.MockWebServiceServerTestExecutionListener@315df4bb, org.springframework.boot.test.mock.mockito.ResetMocksTestExecutionListener@3fc08eec]
18:44:03.896 [Test worker] DEBUG org.springframework.test.context.support.AbstractDirtiesContextTestExecutionListener - Before test class: context [DefaultTestContext@e362c57 testClass = RestfulSignProjectApplicationTests, testInstance = [null], testMethod = [null], testException = [null], mergedContextConfiguration = [WebMergedContextConfiguration@1c4ee95c testClass = RestfulSignProjectApplicationTests, locations = '{}', classes = '{class restful_sign_project.RestfulSignProjectApplication}', contextInitializerClasses = '[]', activeProfiles = '{}', propertySourceLocations = '{}', propertySourceProperties = '{org.springframework.boot.test.context.SpringBootTestContextBootstrapper=true}', contextCustomizers = set[org.springframework.boot.test.autoconfigure.actuate.metrics.MetricsExportContextCustomizerFactory$DisableMetricExportContextCustomizer@41813449, org.springframework.boot.test.autoconfigure.properties.PropertyMappingContextCustomizer@0, org.springframework.boot.test.autoconfigure.web.servlet.WebDriverContextCustomizerFactory$Customizer@5bfa8cc5, org.springframework.boot.test.context.filter.ExcludeFilterContextCustomizer@3b220bcb, org.springframework.boot.test.json.DuplicateJsonObjectContextCustomizerFactory$DuplicateJsonObjectContextCustomizer@12bfd80d, org.springframework.boot.test.mock.mockito.MockitoContextCustomizer@0, org.springframework.boot.test.web.client.TestRestTemplateContextCustomizer@60f7cc1d, org.springframework.boot.test.context.SpringBootTestArgs@1, org.springframework.boot.test.context.SpringBootTestWebEnvironment@52815fa3], resourceBasePath = 'src/main/webapp', contextLoader = 'org.springframework.boot.test.context.SpringBootContextLoader', parent = [null]], attributes = map['org.springframework.test.context.web.ServletTestExecutionListener.activateListener' -> true]], class annotated with @DirtiesContext [false] with mode [null].

  .   ____          _            __ _ _
 /\\ / ___'_ __ _ _(_)_ __  __ _ \ \ \ \
( ( )\___ | '_ | '_| | '_ \/ _` | \ \ \ \
 \\/  ___)| |_)| | | | | || (_| |  ) ) ) )
  '  |____| .__|_| |_|_| |_\__, | / / / /
 =========|_|==============|___/=/_/_/_/
 :: Spring Boot ::               (v2.7.11)

2023-05-21 18:44:04.284  INFO 3276 --- [    Test worker] r.RestfulSignProjectApplicationTests     : Starting RestfulSignProjectApplicationTests using Java 11.0.17 on 용준이 with PID 3276 (started by kevin in C:\Users\kevin\OneDrive\바탕 화면\API\restapi-practice)
2023-05-21 18:44:04.285  INFO 3276 --- [    Test worker] r.RestfulSignProjectApplicationTests     : No active profile set, falling back to 1 default profile: "default"
2023-05-21 18:44:05.048  INFO 3276 --- [    Test worker] .s.d.r.c.RepositoryConfigurationDelegate : Multiple Spring Data modules found, entering strict repository configuration mode
2023-05-21 18:44:05.049  INFO 3276 --- [    Test worker] .s.d.r.c.RepositoryConfigurationDelegate : Bootstrapping Spring Data Redis repositories in DEFAULT mode.
2023-05-21 18:44:05.068  INFO 3276 --- [    Test worker] .s.d.r.c.RepositoryConfigurationDelegate : Finished Spring Data repository scanning in 6 ms. Found 0 Redis repository interfaces.
2023-05-21 18:44:05.236  INFO 3276 --- [    Test worker] .s.d.r.c.RepositoryConfigurationDelegate : Multiple Spring Data modules found, entering strict repository configuration mode
2023-05-21 18:44:05.237  INFO 3276 --- [    Test worker] .s.d.r.c.RepositoryConfigurationDelegate : Bootstrapping Spring Data JPA repositories in DEFAULT mode.
2023-05-21 18:44:05.268  INFO 3276 --- [    Test worker] .RepositoryConfigurationExtensionSupport : Spring Data JPA - Could not safely identify store assignment for repository candidate interface restful_sign_project.JWT.refresh.RefreshTokenRedisRepository; If you want this repository to be a JPA repository, consider annotating your entities with one of these annotations: javax.persistence.Entity, javax.persistence.MappedSuperclass (preferred), or consider extending one of the following types with your repository: org.springframework.data.jpa.repository.JpaRepository
2023-05-21 18:44:05.268  INFO 3276 --- [    Test worker] .s.d.r.c.RepositoryConfigurationDelegate : Finished Spring Data repository scanning in 27 ms. Found 0 JPA repository interfaces.
2023-05-21 18:44:05.275  INFO 3276 --- [    Test worker] .s.d.r.c.RepositoryConfigurationDelegate : Multiple Spring Data modules found, entering strict repository configuration mode
2023-05-21 18:44:05.275  INFO 3276 --- [    Test worker] .s.d.r.c.RepositoryConfigurationDelegate : Bootstrapping Spring Data Redis repositories in DEFAULT mode.
2023-05-21 18:44:05.444  INFO 3276 --- [    Test worker] .s.d.r.c.RepositoryConfigurationDelegate : Finished Spring Data repository scanning in 169 ms. Found 1 Redis repository interfaces.
2023-05-21 18:44:06.231  INFO 3276 --- [    Test worker] com.zaxxer.hikari.HikariDataSource       : HikariPool-1 - Starting...
2023-05-21 18:44:06.431  INFO 3276 --- [    Test worker] com.zaxxer.hikari.HikariDataSource       : HikariPool-1 - Start completed.
2023-05-21 18:44:06.514  INFO 3276 --- [    Test worker] o.hibernate.jpa.internal.util.LogHelper  : HHH000204: Processing PersistenceUnitInfo [name: default]
2023-05-21 18:44:06.582  INFO 3276 --- [    Test worker] org.hibernate.Version                    : HHH000412: Hibernate ORM core version 5.6.15.Final
2023-05-21 18:44:06.760  INFO 3276 --- [    Test worker] o.hibernate.annotations.common.Version   : HCANN000001: Hibernate Commons Annotations {5.1.2.Final}
2023-05-21 18:44:06.910  INFO 3276 --- [    Test worker] org.hibernate.dialect.Dialect            : HHH000400: Using dialect: org.hibernate.dialect.MySQL5InnoDBDialect
2023-05-21 18:44:07.636  INFO 3276 --- [    Test worker] o.h.e.t.j.p.i.JtaPlatformInitiator       : HHH000490: Using JtaPlatform implementation: [org.hibernate.engine.transaction.jta.platform.internal.NoJtaPlatform]
2023-05-21 18:44:07.648  INFO 3276 --- [    Test worker] j.LocalContainerEntityManagerFactoryBean : Initialized JPA EntityManagerFactory for persistence unit 'default'
2023-05-21 18:44:08.156  WARN 3276 --- [    Test worker] JpaBaseConfiguration$JpaWebConfiguration : spring.jpa.open-in-view is enabled by default. Therefore, database queries may be performed during view rendering. Explicitly configure spring.jpa.open-in-view to disable this warning
2023-05-21 18:44:08.689  INFO 3276 --- [    Test worker] o.s.s.web.DefaultSecurityFilterChain     : Will secure any request with [org.springframework.security.web.session.DisableEncodeUrlFilter@247d44b4, org.springframework.security.web.context.request.async.WebAsyncManagerIntegrationFilter@640028f2, org.springframework.security.web.context.SecurityContextPersistenceFilter@c22cf4d, org.springframework.security.web.header.HeaderWriterFilter@2ded31cc, org.springframework.security.web.authentication.logout.LogoutFilter@299cddbf, restful_sign_project.JWT.JwtAuthenticationFilter@48b744fd, org.springframework.security.web.savedrequest.RequestCacheAwareFilter@18c432ed, org.springframework.security.web.servletapi.SecurityContextHolderAwareRequestFilter@5d94c50e, org.springframework.security.web.authentication.AnonymousAuthenticationFilter@2ef3efcc, org.springframework.security.web.session.SessionManagementFilter@6da86e98, org.springframework.security.web.access.ExceptionTranslationFilter@38dc1c50, org.springframework.security.web.access.intercept.FilterSecurityInterceptor@1067192a]
2023-05-21 18:44:09.469  WARN 3276 --- [    Test worker] ion$DefaultTemplateResolverConfiguration : Cannot find template location: classpath:/templates/ (please add some templates, check your Thymeleaf configuration, or set spring.thymeleaf.check-template-location=false)
2023-05-21 18:44:09.758  INFO 3276 --- [    Test worker] r.RestfulSignProjectApplicationTests     : Started RestfulSignProjectApplicationTests in 5.831 seconds (JVM running for 8.057)
]]></system-out>
  <system-err><![CDATA[]]></system-err>
</testsuite>
