<?xml version="1.0" encoding="UTF-8"?>
<testsuite name="restful_sign_project.RestfulSignProjectApplicationTests" tests="1" skipped="0" failures="0" errors="0" timestamp="2023-05-23T08:48:36" hostname="용준이" time="0.1">
  <properties/>
  <testcase name="contextLoads()" classname="restful_sign_project.RestfulSignProjectApplicationTests" time="0.1"/>
  <system-out><![CDATA[17:48:31.525 [Test worker] DEBUG org.springframework.test.context.BootstrapUtils - Instantiating CacheAwareContextLoaderDelegate from class [org.springframework.test.context.cache.DefaultCacheAwareContextLoaderDelegate]
17:48:31.536 [Test worker] DEBUG org.springframework.test.context.BootstrapUtils - Instantiating BootstrapContext using constructor [public org.springframework.test.context.support.DefaultBootstrapContext(java.lang.Class,org.springframework.test.context.CacheAwareContextLoaderDelegate)]
17:48:31.565 [Test worker] DEBUG org.springframework.test.context.BootstrapUtils - Instantiating TestContextBootstrapper for test class [restful_sign_project.RestfulSignProjectApplicationTests] from class [org.springframework.boot.test.context.SpringBootTestContextBootstrapper]
17:48:31.574 [Test worker] INFO org.springframework.boot.test.context.SpringBootTestContextBootstrapper - Neither @ContextConfiguration nor @ContextHierarchy found for test class [restful_sign_project.RestfulSignProjectApplicationTests], using SpringBootContextLoader
17:48:31.579 [Test worker] DEBUG org.springframework.test.context.support.AbstractContextLoader - Did not detect default resource location for test class [restful_sign_project.RestfulSignProjectApplicationTests]: class path resource [restful_sign_project/RestfulSignProjectApplicationTests-context.xml] does not exist
17:48:31.579 [Test worker] DEBUG org.springframework.test.context.support.AbstractContextLoader - Did not detect default resource location for test class [restful_sign_project.RestfulSignProjectApplicationTests]: class path resource [restful_sign_project/RestfulSignProjectApplicationTestsContext.groovy] does not exist
17:48:31.579 [Test worker] INFO org.springframework.test.context.support.AbstractContextLoader - Could not detect default resource locations for test class [restful_sign_project.RestfulSignProjectApplicationTests]: no resource found for suffixes {-context.xml, Context.groovy}.
17:48:31.580 [Test worker] INFO org.springframework.test.context.support.AnnotationConfigContextLoaderUtils - Could not detect default configuration classes for test class [restful_sign_project.RestfulSignProjectApplicationTests]: RestfulSignProjectApplicationTests does not declare any static, non-private, non-final, nested classes annotated with @Configuration.
17:48:31.620 [Test worker] DEBUG org.springframework.test.context.support.ActiveProfilesUtils - Could not find an 'annotation declaring class' for annotation type [org.springframework.test.context.ActiveProfiles] and class [restful_sign_project.RestfulSignProjectApplicationTests]
17:48:31.677 [Test worker] DEBUG org.springframework.context.annotation.ClassPathScanningCandidateComponentProvider - Identified candidate component class: file [C:\Users\kevin\OneDrive\바탕 화면\API\restapi-practice\build\classes\java\main\restful_sign_project\RestfulSignProjectApplication.class]
17:48:31.678 [Test worker] INFO org.springframework.boot.test.context.SpringBootTestContextBootstrapper - Found @SpringBootConfiguration restful_sign_project.RestfulSignProjectApplication for test class restful_sign_project.RestfulSignProjectApplicationTests
17:48:31.787 [Test worker] DEBUG org.springframework.boot.test.context.SpringBootTestContextBootstrapper - @TestExecutionListeners is not present for class [restful_sign_project.RestfulSignProjectApplicationTests]: using defaults.
17:48:31.787 [Test worker] INFO org.springframework.boot.test.context.SpringBootTestContextBootstrapper - Loaded default TestExecutionListener class names from location [META-INF/spring.factories]: [org.springframework.security.test.context.support.WithSecurityContextTestExecutionListener, org.springframework.security.test.context.support.ReactorContextTestExecutionListener, org.springframework.boot.test.autoconfigure.restdocs.RestDocsTestExecutionListener, org.springframework.boot.test.autoconfigure.web.client.MockRestServiceServerResetTestExecutionListener, org.springframework.boot.test.autoconfigure.web.servlet.MockMvcPrintOnlyOnFailureTestExecutionListener, org.springframework.boot.test.autoconfigure.web.servlet.WebDriverTestExecutionListener, org.springframework.boot.test.autoconfigure.webservices.client.MockWebServiceServerTestExecutionListener, org.springframework.boot.test.mock.mockito.MockitoTestExecutionListener, org.springframework.boot.test.mock.mockito.ResetMocksTestExecutionListener, org.springframework.test.context.web.ServletTestExecutionListener, org.springframework.test.context.support.DirtiesContextBeforeModesTestExecutionListener, org.springframework.test.context.event.ApplicationEventsTestExecutionListener, org.springframework.test.context.support.DependencyInjectionTestExecutionListener, org.springframework.test.context.support.DirtiesContextTestExecutionListener, org.springframework.test.context.transaction.TransactionalTestExecutionListener, org.springframework.test.context.jdbc.SqlScriptsTestExecutionListener, org.springframework.test.context.event.EventPublishingTestExecutionListener]
17:48:31.806 [Test worker] INFO org.springframework.boot.test.context.SpringBootTestContextBootstrapper - Using TestExecutionListeners: [org.springframework.test.context.web.ServletTestExecutionListener@61a5b4ae, org.springframework.test.context.support.DirtiesContextBeforeModesTestExecutionListener@3a71c100, org.springframework.test.context.event.ApplicationEventsTestExecutionListener@5b69fd74, org.springframework.boot.test.mock.mockito.MockitoTestExecutionListener@f325091, org.springframework.boot.test.autoconfigure.SpringBootDependencyInjectionTestExecutionListener@437e951d, org.springframework.test.context.support.DirtiesContextTestExecutionListener@77b325b3, org.springframework.test.context.transaction.TransactionalTestExecutionListener@63a5e46c, org.springframework.test.context.jdbc.SqlScriptsTestExecutionListener@7e8e8651, org.springframework.security.test.context.support.WithSecurityContextTestExecutionListener@49ef32e0, org.springframework.test.context.event.EventPublishingTestExecutionListener@271f18d3, org.springframework.security.test.context.support.ReactorContextTestExecutionListener@6bd51ed8, org.springframework.boot.test.autoconfigure.restdocs.RestDocsTestExecutionListener@61e3a1fd, org.springframework.boot.test.autoconfigure.web.client.MockRestServiceServerResetTestExecutionListener@51abf713, org.springframework.boot.test.autoconfigure.web.servlet.MockMvcPrintOnlyOnFailureTestExecutionListener@eadb475, org.springframework.boot.test.autoconfigure.web.servlet.WebDriverTestExecutionListener@4d4d48a6, org.springframework.boot.test.autoconfigure.webservices.client.MockWebServiceServerTestExecutionListener@315df4bb, org.springframework.boot.test.mock.mockito.ResetMocksTestExecutionListener@3fc08eec]
17:48:31.809 [Test worker] DEBUG org.springframework.test.context.support.AbstractDirtiesContextTestExecutionListener - Before test class: context [DefaultTestContext@e362c57 testClass = RestfulSignProjectApplicationTests, testInstance = [null], testMethod = [null], testException = [null], mergedContextConfiguration = [WebMergedContextConfiguration@1c4ee95c testClass = RestfulSignProjectApplicationTests, locations = '{}', classes = '{class restful_sign_project.RestfulSignProjectApplication}', contextInitializerClasses = '[]', activeProfiles = '{}', propertySourceLocations = '{}', propertySourceProperties = '{org.springframework.boot.test.context.SpringBootTestContextBootstrapper=true}', contextCustomizers = set[org.springframework.boot.test.autoconfigure.actuate.metrics.MetricsExportContextCustomizerFactory$DisableMetricExportContextCustomizer@41813449, org.springframework.boot.test.autoconfigure.properties.PropertyMappingContextCustomizer@0, org.springframework.boot.test.autoconfigure.web.servlet.WebDriverContextCustomizerFactory$Customizer@5bfa8cc5, org.springframework.boot.test.context.filter.ExcludeFilterContextCustomizer@3b220bcb, org.springframework.boot.test.json.DuplicateJsonObjectContextCustomizerFactory$DuplicateJsonObjectContextCustomizer@12bfd80d, org.springframework.boot.test.mock.mockito.MockitoContextCustomizer@0, org.springframework.boot.test.web.client.TestRestTemplateContextCustomizer@60f7cc1d, org.springframework.boot.test.context.SpringBootTestArgs@1, org.springframework.boot.test.context.SpringBootTestWebEnvironment@52815fa3], resourceBasePath = 'src/main/webapp', contextLoader = 'org.springframework.boot.test.context.SpringBootContextLoader', parent = [null]], attributes = map['org.springframework.test.context.web.ServletTestExecutionListener.activateListener' -> true]], class annotated with @DirtiesContext [false] with mode [null].

  .   ____          _            __ _ _
 /\\ / ___'_ __ _ _(_)_ __  __ _ \ \ \ \
( ( )\___ | '_ | '_| | '_ \/ _` | \ \ \ \
 \\/  ___)| |_)| | | | | || (_| |  ) ) ) )
  '  |____| .__|_| |_|_| |_\__, | / / / /
 =========|_|==============|___/=/_/_/_/
 :: Spring Boot ::               (v2.7.11)

2023-05-23 17:48:32.152  INFO 3724 --- [    Test worker] r.RestfulSignProjectApplicationTests     : Starting RestfulSignProjectApplicationTests using Java 11.0.17 on 용준이 with PID 3724 (started by kevin in C:\Users\kevin\OneDrive\바탕 화면\API\restapi-practice)
2023-05-23 17:48:32.153  INFO 3724 --- [    Test worker] r.RestfulSignProjectApplicationTests     : No active profile set, falling back to 1 default profile: "default"
2023-05-23 17:48:32.728  INFO 3724 --- [    Test worker] .s.d.r.c.RepositoryConfigurationDelegate : Multiple Spring Data modules found, entering strict repository configuration mode
2023-05-23 17:48:32.728  INFO 3724 --- [    Test worker] .s.d.r.c.RepositoryConfigurationDelegate : Bootstrapping Spring Data Redis repositories in DEFAULT mode.
2023-05-23 17:48:32.747  INFO 3724 --- [    Test worker] .s.d.r.c.RepositoryConfigurationDelegate : Finished Spring Data repository scanning in 6 ms. Found 0 Redis repository interfaces.
2023-05-23 17:48:32.911  INFO 3724 --- [    Test worker] .s.d.r.c.RepositoryConfigurationDelegate : Multiple Spring Data modules found, entering strict repository configuration mode
2023-05-23 17:48:32.912  INFO 3724 --- [    Test worker] .s.d.r.c.RepositoryConfigurationDelegate : Bootstrapping Spring Data JPA repositories in DEFAULT mode.
2023-05-23 17:48:32.952  INFO 3724 --- [    Test worker] .RepositoryConfigurationExtensionSupport : Spring Data JPA - Could not safely identify store assignment for repository candidate interface restful_sign_project.JWT.refresh.RefreshTokenRedisRepository; If you want this repository to be a JPA repository, consider annotating your entities with one of these annotations: javax.persistence.Entity, javax.persistence.MappedSuperclass (preferred), or consider extending one of the following types with your repository: org.springframework.data.jpa.repository.JpaRepository
2023-05-23 17:48:32.952  INFO 3724 --- [    Test worker] .s.d.r.c.RepositoryConfigurationDelegate : Finished Spring Data repository scanning in 35 ms. Found 0 JPA repository interfaces.
2023-05-23 17:48:32.959  INFO 3724 --- [    Test worker] .s.d.r.c.RepositoryConfigurationDelegate : Multiple Spring Data modules found, entering strict repository configuration mode
2023-05-23 17:48:32.959  INFO 3724 --- [    Test worker] .s.d.r.c.RepositoryConfigurationDelegate : Bootstrapping Spring Data Redis repositories in DEFAULT mode.
2023-05-23 17:48:33.095  INFO 3724 --- [    Test worker] .s.d.r.c.RepositoryConfigurationDelegate : Finished Spring Data repository scanning in 134 ms. Found 1 Redis repository interfaces.
2023-05-23 17:48:33.669  INFO 3724 --- [    Test worker] com.zaxxer.hikari.HikariDataSource       : HikariPool-1 - Starting...
2023-05-23 17:48:33.866  INFO 3724 --- [    Test worker] com.zaxxer.hikari.HikariDataSource       : HikariPool-1 - Start completed.
2023-05-23 17:48:33.929  INFO 3724 --- [    Test worker] o.hibernate.jpa.internal.util.LogHelper  : HHH000204: Processing PersistenceUnitInfo [name: default]
2023-05-23 17:48:33.984  INFO 3724 --- [    Test worker] org.hibernate.Version                    : HHH000412: Hibernate ORM core version 5.6.15.Final
2023-05-23 17:48:34.141  INFO 3724 --- [    Test worker] o.hibernate.annotations.common.Version   : HCANN000001: Hibernate Commons Annotations {5.1.2.Final}
2023-05-23 17:48:34.249  INFO 3724 --- [    Test worker] org.hibernate.dialect.Dialect            : HHH000400: Using dialect: org.hibernate.dialect.MySQL5InnoDBDialect
2023-05-23 17:48:34.896  INFO 3724 --- [    Test worker] o.h.e.t.j.p.i.JtaPlatformInitiator       : HHH000490: Using JtaPlatform implementation: [org.hibernate.engine.transaction.jta.platform.internal.NoJtaPlatform]
2023-05-23 17:48:34.906  INFO 3724 --- [    Test worker] j.LocalContainerEntityManagerFactoryBean : Initialized JPA EntityManagerFactory for persistence unit 'default'
2023-05-23 17:48:35.386  WARN 3724 --- [    Test worker] JpaBaseConfiguration$JpaWebConfiguration : spring.jpa.open-in-view is enabled by default. Therefore, database queries may be performed during view rendering. Explicitly configure spring.jpa.open-in-view to disable this warning
2023-05-23 17:48:35.811  INFO 3724 --- [    Test worker] o.s.s.web.DefaultSecurityFilterChain     : Will secure any request with [org.springframework.security.web.session.DisableEncodeUrlFilter@363ee411, org.springframework.security.web.context.request.async.WebAsyncManagerIntegrationFilter@4df54c1, org.springframework.security.web.context.SecurityContextPersistenceFilter@396f3bf2, org.springframework.security.web.header.HeaderWriterFilter@186e254, org.springframework.security.web.authentication.logout.LogoutFilter@52e34db, restful_sign_project.JWT.JwtAuthenticationFilter@785477e5, org.springframework.security.web.savedrequest.RequestCacheAwareFilter@9da386c, org.springframework.security.web.servletapi.SecurityContextHolderAwareRequestFilter@31beb0d0, org.springframework.security.web.authentication.AnonymousAuthenticationFilter@c950fd, org.springframework.security.web.session.SessionManagementFilter@3a22d69f, org.springframework.security.web.access.ExceptionTranslationFilter@476dc0af, org.springframework.security.web.access.intercept.FilterSecurityInterceptor@53fb3e1b]
2023-05-23 17:48:36.483  WARN 3724 --- [    Test worker] ion$DefaultTemplateResolverConfiguration : Cannot find template location: classpath:/templates/ (please add some templates, check your Thymeleaf configuration, or set spring.thymeleaf.check-template-location=false)
2023-05-23 17:48:36.689  INFO 3724 --- [    Test worker] r.RestfulSignProjectApplicationTests     : Started RestfulSignProjectApplicationTests in 4.848 seconds (JVM running for 6.981)
]]></system-out>
  <system-err><![CDATA[]]></system-err>
</testsuite>
