<?xml version="1.0" encoding="UTF-8"?>
<testsuite name="restful_sign_project.controller.Member_ControllerTest" tests="1" skipped="0" failures="0" errors="0" timestamp="2023-05-12T16:49:51" hostname="용준이" time="0.527">
  <properties/>
  <testcase name="중복검사()" classname="restful_sign_project.controller.Member_ControllerTest" time="0.527"/>
  <system-out><![CDATA[01:49:46.901 [Test worker] DEBUG org.springframework.test.context.BootstrapUtils - Instantiating CacheAwareContextLoaderDelegate from class [org.springframework.test.context.cache.DefaultCacheAwareContextLoaderDelegate]
01:49:46.911 [Test worker] DEBUG org.springframework.test.context.BootstrapUtils - Instantiating BootstrapContext using constructor [public org.springframework.test.context.support.DefaultBootstrapContext(java.lang.Class,org.springframework.test.context.CacheAwareContextLoaderDelegate)]
01:49:46.943 [Test worker] DEBUG org.springframework.test.context.BootstrapUtils - Instantiating TestContextBootstrapper for test class [restful_sign_project.controller.Member_ControllerTest] from class [org.springframework.boot.test.context.SpringBootTestContextBootstrapper]
01:49:46.956 [Test worker] INFO org.springframework.boot.test.context.SpringBootTestContextBootstrapper - Neither @ContextConfiguration nor @ContextHierarchy found for test class [restful_sign_project.controller.Member_ControllerTest], using SpringBootContextLoader
01:49:46.959 [Test worker] DEBUG org.springframework.test.context.support.AbstractContextLoader - Did not detect default resource location for test class [restful_sign_project.controller.Member_ControllerTest]: class path resource [restful_sign_project/controller/Member_ControllerTest-context.xml] does not exist
01:49:46.960 [Test worker] DEBUG org.springframework.test.context.support.AbstractContextLoader - Did not detect default resource location for test class [restful_sign_project.controller.Member_ControllerTest]: class path resource [restful_sign_project/controller/Member_ControllerTestContext.groovy] does not exist
01:49:46.960 [Test worker] INFO org.springframework.test.context.support.AbstractContextLoader - Could not detect default resource locations for test class [restful_sign_project.controller.Member_ControllerTest]: no resource found for suffixes {-context.xml, Context.groovy}.
01:49:46.960 [Test worker] INFO org.springframework.test.context.support.AnnotationConfigContextLoaderUtils - Could not detect default configuration classes for test class [restful_sign_project.controller.Member_ControllerTest]: Member_ControllerTest does not declare any static, non-private, non-final, nested classes annotated with @Configuration.
01:49:46.999 [Test worker] DEBUG org.springframework.test.context.support.ActiveProfilesUtils - Could not find an 'annotation declaring class' for annotation type [org.springframework.test.context.ActiveProfiles] and class [restful_sign_project.controller.Member_ControllerTest]
01:49:47.062 [Test worker] DEBUG org.springframework.context.annotation.ClassPathScanningCandidateComponentProvider - Identified candidate component class: file [C:\Users\kevin\OneDrive\바탕 화면\API\restapi-practice\build\classes\java\main\restful_sign_project\RestfulSignProjectApplication.class]
01:49:47.063 [Test worker] INFO org.springframework.boot.test.context.SpringBootTestContextBootstrapper - Found @SpringBootConfiguration restful_sign_project.RestfulSignProjectApplication for test class restful_sign_project.controller.Member_ControllerTest
01:49:47.157 [Test worker] DEBUG org.springframework.boot.test.context.SpringBootTestContextBootstrapper - @TestExecutionListeners is not present for class [restful_sign_project.controller.Member_ControllerTest]: using defaults.
01:49:47.158 [Test worker] INFO org.springframework.boot.test.context.SpringBootTestContextBootstrapper - Loaded default TestExecutionListener class names from location [META-INF/spring.factories]: [org.springframework.security.test.context.support.WithSecurityContextTestExecutionListener, org.springframework.security.test.context.support.ReactorContextTestExecutionListener, org.springframework.boot.test.autoconfigure.restdocs.RestDocsTestExecutionListener, org.springframework.boot.test.autoconfigure.web.client.MockRestServiceServerResetTestExecutionListener, org.springframework.boot.test.autoconfigure.web.servlet.MockMvcPrintOnlyOnFailureTestExecutionListener, org.springframework.boot.test.autoconfigure.web.servlet.WebDriverTestExecutionListener, org.springframework.boot.test.autoconfigure.webservices.client.MockWebServiceServerTestExecutionListener, org.springframework.boot.test.mock.mockito.MockitoTestExecutionListener, org.springframework.boot.test.mock.mockito.ResetMocksTestExecutionListener, org.springframework.test.context.web.ServletTestExecutionListener, org.springframework.test.context.support.DirtiesContextBeforeModesTestExecutionListener, org.springframework.test.context.event.ApplicationEventsTestExecutionListener, org.springframework.test.context.support.DependencyInjectionTestExecutionListener, org.springframework.test.context.support.DirtiesContextTestExecutionListener, org.springframework.test.context.transaction.TransactionalTestExecutionListener, org.springframework.test.context.jdbc.SqlScriptsTestExecutionListener, org.springframework.test.context.event.EventPublishingTestExecutionListener]
01:49:47.180 [Test worker] INFO org.springframework.boot.test.context.SpringBootTestContextBootstrapper - Using TestExecutionListeners: [org.springframework.test.context.web.ServletTestExecutionListener@40dd3977, org.springframework.test.context.support.DirtiesContextBeforeModesTestExecutionListener@3a4e343, org.springframework.test.context.event.ApplicationEventsTestExecutionListener@6a1d204a, org.springframework.boot.test.mock.mockito.MockitoTestExecutionListener@62dae245, org.springframework.boot.test.autoconfigure.SpringBootDependencyInjectionTestExecutionListener@4b6579e8, org.springframework.test.context.support.DirtiesContextTestExecutionListener@6fff253c, org.springframework.test.context.transaction.TransactionalTestExecutionListener@6c6357f9, org.springframework.test.context.jdbc.SqlScriptsTestExecutionListener@591e58fa, org.springframework.security.test.context.support.WithSecurityContextTestExecutionListener@3954d008, org.springframework.test.context.event.EventPublishingTestExecutionListener@2f94c4db, org.springframework.security.test.context.support.ReactorContextTestExecutionListener@593e824f, org.springframework.boot.test.autoconfigure.restdocs.RestDocsTestExecutionListener@72ccd81a, org.springframework.boot.test.autoconfigure.web.client.MockRestServiceServerResetTestExecutionListener@6d8792db, org.springframework.boot.test.autoconfigure.web.servlet.MockMvcPrintOnlyOnFailureTestExecutionListener@64bc21ac, org.springframework.boot.test.autoconfigure.web.servlet.WebDriverTestExecutionListener@493dfb8e, org.springframework.boot.test.autoconfigure.webservices.client.MockWebServiceServerTestExecutionListener@5d25e6bb, org.springframework.boot.test.mock.mockito.ResetMocksTestExecutionListener@ce5a68e]
01:49:47.183 [Test worker] DEBUG org.springframework.test.context.support.AbstractDirtiesContextTestExecutionListener - Before test class: context [DefaultTestContext@4985cbcb testClass = Member_ControllerTest, testInstance = [null], testMethod = [null], testException = [null], mergedContextConfiguration = [WebMergedContextConfiguration@72f46e16 testClass = Member_ControllerTest, locations = '{}', classes = '{class restful_sign_project.RestfulSignProjectApplication}', contextInitializerClasses = '[]', activeProfiles = '{}', propertySourceLocations = '{}', propertySourceProperties = '{org.springframework.boot.test.context.SpringBootTestContextBootstrapper=true}', contextCustomizers = set[org.springframework.boot.test.autoconfigure.actuate.metrics.MetricsExportContextCustomizerFactory$DisableMetricExportContextCustomizer@79c7532f, org.springframework.boot.test.autoconfigure.properties.PropertyMappingContextCustomizer@0, org.springframework.boot.test.autoconfigure.web.servlet.WebDriverContextCustomizerFactory$Customizer@12c7a01b, org.springframework.boot.test.context.filter.ExcludeFilterContextCustomizer@130dca52, org.springframework.boot.test.json.DuplicateJsonObjectContextCustomizerFactory$DuplicateJsonObjectContextCustomizer@3da05287, org.springframework.boot.test.mock.mockito.MockitoContextCustomizer@0, org.springframework.boot.test.web.client.TestRestTemplateContextCustomizer@7cf6a5f9, org.springframework.boot.test.context.SpringBootTestArgs@1, org.springframework.boot.test.context.SpringBootTestWebEnvironment@434a63ab], resourceBasePath = 'src/main/webapp', contextLoader = 'org.springframework.boot.test.context.SpringBootContextLoader', parent = [null]], attributes = map['org.springframework.test.context.web.ServletTestExecutionListener.activateListener' -> true]], class annotated with @DirtiesContext [false] with mode [null].

  .   ____          _            __ _ _
 /\\ / ___'_ __ _ _(_)_ __  __ _ \ \ \ \
( ( )\___ | '_ | '_| | '_ \/ _` | \ \ \ \
 \\/  ___)| |_)| | | | | || (_| |  ) ) ) )
  '  |____| .__|_| |_|_| |_\__, | / / / /
 =========|_|==============|___/=/_/_/_/
 :: Spring Boot ::               (v2.7.11)

2023-05-13 01:49:47.510  INFO 26164 --- [    Test worker] r.controller.Member_ControllerTest       : Starting Member_ControllerTest using Java 17.0.6 on 용준이 with PID 26164 (started by kevin in C:\Users\kevin\OneDrive\바탕 화면\API\restapi-practice)
2023-05-13 01:49:47.511  INFO 26164 --- [    Test worker] r.controller.Member_ControllerTest       : No active profile set, falling back to 1 default profile: "default"
2023-05-13 01:49:48.290  INFO 26164 --- [    Test worker] .s.d.r.c.RepositoryConfigurationDelegate : Bootstrapping Spring Data JPA repositories in DEFAULT mode.
2023-05-13 01:49:48.315  INFO 26164 --- [    Test worker] .s.d.r.c.RepositoryConfigurationDelegate : Finished Spring Data repository scanning in 13 ms. Found 0 JPA repository interfaces.
2023-05-13 01:49:48.918  INFO 26164 --- [    Test worker] o.hibernate.jpa.internal.util.LogHelper  : HHH000204: Processing PersistenceUnitInfo [name: default]
2023-05-13 01:49:48.996  INFO 26164 --- [    Test worker] org.hibernate.Version                    : HHH000412: Hibernate ORM core version 5.6.15.Final
2023-05-13 01:49:49.174  INFO 26164 --- [    Test worker] o.hibernate.annotations.common.Version   : HCANN000001: Hibernate Commons Annotations {5.1.2.Final}
2023-05-13 01:49:49.319  INFO 26164 --- [    Test worker] com.zaxxer.hikari.HikariDataSource       : HikariPool-1 - Starting...
2023-05-13 01:49:49.389  INFO 26164 --- [    Test worker] com.zaxxer.hikari.HikariDataSource       : HikariPool-1 - Start completed.
2023-05-13 01:49:49.417  INFO 26164 --- [    Test worker] org.hibernate.dialect.Dialect            : HHH000400: Using dialect: org.hibernate.dialect.H2Dialect
Hibernate: 
    
    drop table if exists rest_ful_signup CASCADE 
Hibernate: 
    
    drop sequence if exists hibernate_sequence
Hibernate: create sequence hibernate_sequence start with 1 increment by 1
Hibernate: 
    
    create table rest_ful_signup (
       id bigint not null,
        email varchar(255),
        name varchar(255),
        pass_word varchar(255),
        primary key (id)
    )
2023-05-13 01:49:49.914  INFO 26164 --- [    Test worker] o.h.e.t.j.p.i.JtaPlatformInitiator       : HHH000490: Using JtaPlatform implementation: [org.hibernate.engine.transaction.jta.platform.internal.NoJtaPlatform]
2023-05-13 01:49:49.923  INFO 26164 --- [    Test worker] j.LocalContainerEntityManagerFactoryBean : Initialized JPA EntityManagerFactory for persistence unit 'default'
2023-05-13 01:49:49.987  WARN 26164 --- [    Test worker] JpaBaseConfiguration$JpaWebConfiguration : spring.jpa.open-in-view is enabled by default. Therefore, database queries may be performed during view rendering. Explicitly configure spring.jpa.open-in-view to disable this warning
2023-05-13 01:49:50.174  WARN 26164 --- [    Test worker] .s.s.UserDetailsServiceAutoConfiguration : 

Using generated security password: 4ead59a1-383d-4052-a552-33a21f35359b

This generated password is for development use only. Your security configuration must be updated before running your application in production.

2023-05-13 01:49:50.273  WARN 26164 --- [    Test worker] o.s.s.c.a.web.builders.WebSecurity       : You are asking Spring Security to ignore Ant [pattern='/css/**']. This is not recommended -- please use permitAll via HttpSecurity#authorizeHttpRequests instead.
2023-05-13 01:49:50.273  INFO 26164 --- [    Test worker] o.s.s.web.DefaultSecurityFilterChain     : Will not secure Ant [pattern='/css/**']
2023-05-13 01:49:50.274  WARN 26164 --- [    Test worker] o.s.s.c.a.web.builders.WebSecurity       : You are asking Spring Security to ignore Ant [pattern='/js/**']. This is not recommended -- please use permitAll via HttpSecurity#authorizeHttpRequests instead.
2023-05-13 01:49:50.274  INFO 26164 --- [    Test worker] o.s.s.web.DefaultSecurityFilterChain     : Will not secure Ant [pattern='/js/**']
2023-05-13 01:49:50.274  WARN 26164 --- [    Test worker] o.s.s.c.a.web.builders.WebSecurity       : You are asking Spring Security to ignore Ant [pattern='/img/**']. This is not recommended -- please use permitAll via HttpSecurity#authorizeHttpRequests instead.
2023-05-13 01:49:50.274  INFO 26164 --- [    Test worker] o.s.s.web.DefaultSecurityFilterChain     : Will not secure Ant [pattern='/img/**']
2023-05-13 01:49:50.274  WARN 26164 --- [    Test worker] o.s.s.c.a.web.builders.WebSecurity       : You are asking Spring Security to ignore Ant [pattern='/lib/**']. This is not recommended -- please use permitAll via HttpSecurity#authorizeHttpRequests instead.
2023-05-13 01:49:50.274  INFO 26164 --- [    Test worker] o.s.s.web.DefaultSecurityFilterChain     : Will not secure Ant [pattern='/lib/**']
2023-05-13 01:49:50.396  INFO 26164 --- [    Test worker] o.s.s.web.DefaultSecurityFilterChain     : Will secure any request with [org.springframework.security.web.session.DisableEncodeUrlFilter@23d23d98, org.springframework.security.web.context.request.async.WebAsyncManagerIntegrationFilter@1fd35a92, org.springframework.security.web.context.SecurityContextPersistenceFilter@1bbb48dd, org.springframework.security.web.header.HeaderWriterFilter@20163008, org.springframework.security.web.csrf.CsrfFilter@4b2acb12, org.springframework.security.web.authentication.logout.LogoutFilter@62f7d7bd, org.springframework.security.web.authentication.UsernamePasswordAuthenticationFilter@6d9ee75a, org.springframework.security.web.savedrequest.RequestCacheAwareFilter@7c871ce4, org.springframework.security.web.servletapi.SecurityContextHolderAwareRequestFilter@4be7acd9, org.springframework.security.web.authentication.AnonymousAuthenticationFilter@40db6136, org.springframework.security.web.session.SessionManagementFilter@3f40568e, org.springframework.security.web.access.ExceptionTranslationFilter@323c6f9c, org.springframework.security.web.access.intercept.FilterSecurityInterceptor@20f99c18]
2023-05-13 01:49:50.909  INFO 26164 --- [    Test worker] o.s.b.a.h2.H2ConsoleAutoConfiguration    : H2 console available at '/h2-console'. Database available at 'jdbc:h2:tcp://localhost/~/test'
2023-05-13 01:49:50.923  INFO 26164 --- [    Test worker] o.s.b.a.w.s.WelcomePageHandlerMapping    : Adding welcome page template: index
2023-05-13 01:49:51.445  INFO 26164 --- [    Test worker] r.controller.Member_ControllerTest       : Started Member_ControllerTest in 4.228 seconds (JVM running for 5.311)
2023-05-13 01:49:51.581  INFO 26164 --- [    Test worker] o.s.t.c.transaction.TransactionContext   : Began transaction (1) for test context [DefaultTestContext@4985cbcb testClass = Member_ControllerTest, testInstance = restful_sign_project.controller.Member_ControllerTest@5a88849, testMethod = 중복검사@Member_ControllerTest, testException = [null], mergedContextConfiguration = [WebMergedContextConfiguration@72f46e16 testClass = Member_ControllerTest, locations = '{}', classes = '{class restful_sign_project.RestfulSignProjectApplication}', contextInitializerClasses = '[]', activeProfiles = '{}', propertySourceLocations = '{}', propertySourceProperties = '{org.springframework.boot.test.context.SpringBootTestContextBootstrapper=true}', contextCustomizers = set[org.springframework.boot.test.autoconfigure.actuate.metrics.MetricsExportContextCustomizerFactory$DisableMetricExportContextCustomizer@79c7532f, org.springframework.boot.test.autoconfigure.properties.PropertyMappingContextCustomizer@0, org.springframework.boot.test.autoconfigure.web.servlet.WebDriverContextCustomizerFactory$Customizer@12c7a01b, org.springframework.boot.test.context.filter.ExcludeFilterContextCustomizer@130dca52, org.springframework.boot.test.json.DuplicateJsonObjectContextCustomizerFactory$DuplicateJsonObjectContextCustomizer@3da05287, org.springframework.boot.test.mock.mockito.MockitoContextCustomizer@0, org.springframework.boot.test.web.client.TestRestTemplateContextCustomizer@7cf6a5f9, org.springframework.boot.test.context.SpringBootTestArgs@1, org.springframework.boot.test.context.SpringBootTestWebEnvironment@434a63ab], resourceBasePath = 'src/main/webapp', contextLoader = 'org.springframework.boot.test.context.SpringBootContextLoader', parent = [null]], attributes = map['org.springframework.test.context.web.ServletTestExecutionListener.activateListener' -> true, 'org.springframework.test.context.web.ServletTestExecutionListener.populatedRequestContextHolder' -> true, 'org.springframework.test.context.web.ServletTestExecutionListener.resetRequestContextHolder' -> true, 'org.springframework.test.context.event.ApplicationEventsTestExecutionListener.recordApplicationEvents' -> false]]; transaction manager [org.springframework.orm.jpa.JpaTransactionManager@50b2ba2c]; rollback [true]
Hibernate: 
    select
        member0_.id as id1_0_,
        member0_.email as email2_0_,
        member0_.name as name3_0_,
        member0_.pass_word as pass_wor4_0_ 
    from
        rest_ful_signup member0_ 
    where
        member0_.email=?
2023-05-13 01:49:51.906  INFO 26164 --- [    Test worker] r.repository.Member_Repository           : 저장 성공
Hibernate: 
    call next value for hibernate_sequence
Hibernate: 
    insert 
    into
        rest_ful_signup
        (email, name, pass_word, id) 
    values
        (?, ?, ?, ?)
Hibernate: 
    select
        member0_.id as id1_0_,
        member0_.email as email2_0_,
        member0_.name as name3_0_,
        member0_.pass_word as pass_wor4_0_ 
    from
        rest_ful_signup member0_ 
    where
        member0_.email=?
2023-05-13 01:49:52.016  INFO 26164 --- [    Test worker] o.s.t.c.transaction.TransactionContext   : Rolled back transaction for test: [DefaultTestContext@4985cbcb testClass = Member_ControllerTest, testInstance = restful_sign_project.controller.Member_ControllerTest@5a88849, testMethod = 중복검사@Member_ControllerTest, testException = [null], mergedContextConfiguration = [WebMergedContextConfiguration@72f46e16 testClass = Member_ControllerTest, locations = '{}', classes = '{class restful_sign_project.RestfulSignProjectApplication}', contextInitializerClasses = '[]', activeProfiles = '{}', propertySourceLocations = '{}', propertySourceProperties = '{org.springframework.boot.test.context.SpringBootTestContextBootstrapper=true}', contextCustomizers = set[org.springframework.boot.test.autoconfigure.actuate.metrics.MetricsExportContextCustomizerFactory$DisableMetricExportContextCustomizer@79c7532f, org.springframework.boot.test.autoconfigure.properties.PropertyMappingContextCustomizer@0, org.springframework.boot.test.autoconfigure.web.servlet.WebDriverContextCustomizerFactory$Customizer@12c7a01b, org.springframework.boot.test.context.filter.ExcludeFilterContextCustomizer@130dca52, org.springframework.boot.test.json.DuplicateJsonObjectContextCustomizerFactory$DuplicateJsonObjectContextCustomizer@3da05287, org.springframework.boot.test.mock.mockito.MockitoContextCustomizer@0, org.springframework.boot.test.web.client.TestRestTemplateContextCustomizer@7cf6a5f9, org.springframework.boot.test.context.SpringBootTestArgs@1, org.springframework.boot.test.context.SpringBootTestWebEnvironment@434a63ab], resourceBasePath = 'src/main/webapp', contextLoader = 'org.springframework.boot.test.context.SpringBootContextLoader', parent = [null]], attributes = map['org.springframework.test.context.web.ServletTestExecutionListener.activateListener' -> true, 'org.springframework.test.context.web.ServletTestExecutionListener.populatedRequestContextHolder' -> true, 'org.springframework.test.context.web.ServletTestExecutionListener.resetRequestContextHolder' -> true, 'org.springframework.test.context.event.ApplicationEventsTestExecutionListener.recordApplicationEvents' -> false]]
]]></system-out>
  <system-err><![CDATA[]]></system-err>
</testsuite>
